[0.035s] Invoking command in '/root/duck_ws/build/turtlesim': CMAKE_PREFIX_PATH=/opt/ros/foxy /usr/bin/cmake /root/duck_ws/src/ros_tutorials/turtlesim -DCMAKE_INSTALL_PREFIX=/root/duck_ws/install/turtlesim
[0.265s] -- The C compiler identification is GNU 9.3.0
[0.433s] -- The CXX compiler identification is GNU 9.3.0
[0.448s] -- Check for working C compiler: /usr/bin/cc
[0.570s] -- Check for working C compiler: /usr/bin/cc -- works
[0.572s] -- Detecting C compiler ABI info
[0.685s] -- Detecting C compiler ABI info - done
[0.707s] -- Detecting C compile features
[0.709s] -- Detecting C compile features - done
[0.716s] -- Check for working CXX compiler: /usr/bin/c++
[0.850s] -- Check for working CXX compiler: /usr/bin/c++ -- works
[0.856s] -- Detecting CXX compiler ABI info
[0.967s] -- Detecting CXX compiler ABI info - done
[0.990s] -- Detecting CXX compile features
[0.991s] -- Detecting CXX compile features - done
[1.003s] -- Found ament_cmake: 0.9.8 (/opt/ros/foxy/share/ament_cmake/cmake)
[1.033s] -- Found PythonInterp: /usr/bin/python3 (found suitable version "3.8.5", minimum required is "3") 
[1.034s] -- Using PYTHON_EXECUTABLE: /usr/bin/python3
[1.286s] -- Found ament_index_cpp: 1.0.2 (/opt/ros/foxy/share/ament_index_cpp/cmake)
[1.296s] -- Found geometry_msgs: 2.0.4 (/opt/ros/foxy/share/geometry_msgs/cmake)
[1.347s] -- Using all available rosidl_typesupport_c: rosidl_typesupport_fastrtps_c;rosidl_typesupport_introspection_c
[1.360s] -- Found rosidl_adapter: 1.2.1 (/opt/ros/foxy/share/rosidl_adapter/cmake)
[1.464s] -- Found OpenSSL: /usr/lib/x86_64-linux-gnu/libcrypto.so (found version "1.1.1f")  
[1.492s] -- Found FastRTPS: /opt/ros/foxy/include  
[1.604s] -- Using all available rosidl_typesupport_cpp: rosidl_typesupport_fastrtps_cpp;rosidl_typesupport_introspection_cpp
[1.779s] -- Found rclcpp: 2.3.1 (/opt/ros/foxy/share/rclcpp/cmake)
[1.865s] -- Found rmw_implementation_cmake: 1.0.3 (/opt/ros/foxy/share/rmw_implementation_cmake/cmake)
[1.870s] -- Using RMW implementation 'rmw_fastrtps_cpp' as default
[1.874s] -- Looking for pthread.h
[1.999s] -- Looking for pthread.h - found
[2.000s] -- Performing Test CMAKE_HAVE_LIBC_PTHREAD
[2.112s] -- Performing Test CMAKE_HAVE_LIBC_PTHREAD - Failed
[2.112s] -- Looking for pthread_create in pthreads
[2.210s] -- Looking for pthread_create in pthreads - not found
[2.211s] -- Looking for pthread_create in pthread
[2.308s] -- Looking for pthread_create in pthread - found
[2.310s] -- Found Threads: TRUE  
[2.547s] -- Found rclcpp_action: 2.3.1 (/opt/ros/foxy/share/rclcpp_action/cmake)
[2.689s] -- Found rosidl_default_generators: 1.0.1 (/opt/ros/foxy/share/rosidl_default_generators/cmake)
[2.714s] -- Found std_srvs: 2.0.4 (/opt/ros/foxy/share/std_srvs/cmake)
[2.761s] -- Found PythonInterp: /usr/bin/python3 (found version "3.8.5") 
[3.090s] -- Found ament_cmake_ros: 0.9.2 (/opt/ros/foxy/share/ament_cmake_ros/cmake)
[3.280s] -- Using all available rosidl_typesupport_c: rosidl_typesupport_fastrtps_c;rosidl_typesupport_introspection_c
[3.339s] -- Using all available rosidl_typesupport_cpp: rosidl_typesupport_fastrtps_cpp;rosidl_typesupport_introspection_cpp
[3.367s] -- Found PythonInterp: /usr/bin/python3 (found suitable version "3.8.5", minimum required is "3.5") 
[3.370s] -- Found python_cmake_module: 0.8.1 (/opt/ros/foxy/share/python_cmake_module/cmake)
[3.400s] -- Found PythonLibs: /usr/lib/x86_64-linux-gnu/libpython3.8.so (found suitable version "3.8.5", minimum required is "3.5") 
[3.400s] -- Using PYTHON_EXECUTABLE: /usr/bin/python3
[3.401s] -- Using PYTHON_INCLUDE_DIRS: /usr/include/python3.8
[3.401s] -- Using PYTHON_LIBRARIES: /usr/lib/x86_64-linux-gnu/libpython3.8.so
[3.425s] -- Found PythonExtra: .so  
[3.558s] -- Configuring done
[3.811s] -- Generating done
[3.822s] -- Build files have been written to: /root/duck_ws/build/turtlesim
[3.847s] Invoked command in '/root/duck_ws/build/turtlesim' returned '0': CMAKE_PREFIX_PATH=/opt/ros/foxy /usr/bin/cmake /root/duck_ws/src/ros_tutorials/turtlesim -DCMAKE_INSTALL_PREFIX=/root/duck_ws/install/turtlesim
[3.849s] Invoking command in '/root/duck_ws/build/turtlesim': CMAKE_PREFIX_PATH=/opt/ros/foxy /usr/bin/cmake --build /root/duck_ws/build/turtlesim -- -j4 -l4
[3.935s] [  1%] [34m[1mGenerating C code for ROS interfaces[0m
[3.938s] [35m[1mScanning dependencies of target turtlesim__cpp[0m
[3.959s] [  2%] [34m[1mGenerating C++ code for ROS interfaces[0m
[6.113s] [  2%] Built target turtlesim__cpp
[6.124s] [  3%] [34m[1mGenerating C++ type support dispatch for ROS interfaces[0m
[6.167s] [  4%] [34m[1mGenerating C++ introspection for ROS interfaces[0m
[6.253s] [  5%] [34m[1mGenerating C++ type support for eProsima Fast-RTPS[0m
[6.495s] [35m[1mScanning dependencies of target turtlesim__rosidl_generator_c[0m
[6.568s] [  6%] [32mBuilding C object CMakeFiles/turtlesim__rosidl_generator_c.dir/rosidl_generator_c/turtlesim/action/detail/rotate_absolute__functions.c.o[0m
[6.822s] [  7%] [32mBuilding C object CMakeFiles/turtlesim__rosidl_generator_c.dir/rosidl_generator_c/turtlesim/msg/detail/color__functions.c.o[0m
[6.918s] [  8%] [32mBuilding C object CMakeFiles/turtlesim__rosidl_generator_c.dir/rosidl_generator_c/turtlesim/msg/detail/pose__functions.c.o[0m
[7.030s] [  9%] [32mBuilding C object CMakeFiles/turtlesim__rosidl_generator_c.dir/rosidl_generator_c/turtlesim/srv/detail/kill__functions.c.o[0m
[7.171s] [ 10%] [32mBuilding C object CMakeFiles/turtlesim__rosidl_generator_c.dir/rosidl_generator_c/turtlesim/srv/detail/set_pen__functions.c.o[0m
[7.281s] [ 11%] [32mBuilding C object CMakeFiles/turtlesim__rosidl_generator_c.dir/rosidl_generator_c/turtlesim/srv/detail/spawn__functions.c.o[0m
[7.439s] [ 12%] [32mBuilding C object CMakeFiles/turtlesim__rosidl_generator_c.dir/rosidl_generator_c/turtlesim/srv/detail/teleport_absolute__functions.c.o[0m
[7.538s] [ 13%] [32mBuilding C object CMakeFiles/turtlesim__rosidl_generator_c.dir/rosidl_generator_c/turtlesim/srv/detail/teleport_relative__functions.c.o[0m
[7.668s] [ 14%] [32m[1mLinking C shared library libturtlesim__rosidl_generator_c.so[0m
[7.776s] [ 14%] Built target turtlesim__rosidl_generator_c
[7.794s] [35m[1mScanning dependencies of target turtlesim__rosidl_typesupport_cpp[0m
[7.799s] [ 15%] [34m[1mGenerating C type support dispatch for ROS interfaces[0m
[7.885s] [ 16%] [32mBuilding CXX object CMakeFiles/turtlesim__rosidl_typesupport_cpp.dir/rosidl_typesupport_cpp/turtlesim/action/rotate_absolute__type_support.cpp.o[0m
[8.293s] [35m[1mScanning dependencies of target turtlesim__rosidl_typesupport_introspection_cpp[0m
[8.354s] [ 17%] [32mBuilding CXX object CMakeFiles/turtlesim__rosidl_typesupport_introspection_cpp.dir/rosidl_typesupport_introspection_cpp/turtlesim/action/detail/rotate_absolute__type_support.cpp.o[0m
[8.835s] [ 18%] [32mBuilding CXX object CMakeFiles/turtlesim__rosidl_typesupport_cpp.dir/rosidl_typesupport_cpp/turtlesim/msg/color__type_support.cpp.o[0m
[9.136s] [35m[1mScanning dependencies of target turtlesim__rosidl_typesupport_fastrtps_cpp[0m
[9.231s] [ 19%] [32mBuilding CXX object CMakeFiles/turtlesim__rosidl_typesupport_fastrtps_cpp.dir/rosidl_typesupport_fastrtps_cpp/turtlesim/action/detail/dds_fastrtps/rotate_absolute__type_support.cpp.o[0m
[9.389s] [ 20%] [32mBuilding CXX object CMakeFiles/turtlesim__rosidl_typesupport_introspection_cpp.dir/rosidl_typesupport_introspection_cpp/turtlesim/msg/detail/color__type_support.cpp.o[0m
[9.494s] [35m[1mScanning dependencies of target turtlesim__rosidl_typesupport_c[0m
[9.502s] [ 21%] [32mBuilding CXX object CMakeFiles/turtlesim__rosidl_typesupport_cpp.dir/rosidl_typesupport_cpp/turtlesim/msg/pose__type_support.cpp.o[0m
[9.560s] [ 22%] [32mBuilding CXX object CMakeFiles/turtlesim__rosidl_typesupport_c.dir/rosidl_typesupport_c/turtlesim/action/rotate_absolute__type_support.cpp.o[0m
[9.725s] [ 23%] [32mBuilding CXX object CMakeFiles/turtlesim__rosidl_typesupport_c.dir/rosidl_typesupport_c/turtlesim/msg/color__type_support.cpp.o[0m
[9.825s] [ 24%] [32mBuilding CXX object CMakeFiles/turtlesim__rosidl_typesupport_c.dir/rosidl_typesupport_c/turtlesim/msg/pose__type_support.cpp.o[0m
[9.922s] [ 25%] [32mBuilding CXX object CMakeFiles/turtlesim__rosidl_typesupport_c.dir/rosidl_typesupport_c/turtlesim/srv/kill__type_support.cpp.o[0m
[10.029s] [ 26%] [32mBuilding CXX object CMakeFiles/turtlesim__rosidl_typesupport_c.dir/rosidl_typesupport_c/turtlesim/srv/set_pen__type_support.cpp.o[0m
[10.065s] [ 27%] [32mBuilding CXX object CMakeFiles/turtlesim__rosidl_typesupport_introspection_cpp.dir/rosidl_typesupport_introspection_cpp/turtlesim/msg/detail/pose__type_support.cpp.o[0m
[10.134s] [ 28%] [32mBuilding CXX object CMakeFiles/turtlesim__rosidl_typesupport_c.dir/rosidl_typesupport_c/turtlesim/srv/spawn__type_support.cpp.o[0m
[10.150s] [ 29%] [32mBuilding CXX object CMakeFiles/turtlesim__rosidl_typesupport_cpp.dir/rosidl_typesupport_cpp/turtlesim/srv/kill__type_support.cpp.o[0m
[10.254s] [ 30%] [32mBuilding CXX object CMakeFiles/turtlesim__rosidl_typesupport_c.dir/rosidl_typesupport_c/turtlesim/srv/teleport_absolute__type_support.cpp.o[0m
[10.353s] [ 31%] [32mBuilding CXX object CMakeFiles/turtlesim__rosidl_typesupport_c.dir/rosidl_typesupport_c/turtlesim/srv/teleport_relative__type_support.cpp.o[0m
[10.459s] [ 32%] [32m[1mLinking CXX shared library libturtlesim__rosidl_typesupport_c.so[0m
[10.511s] [ 33%] [32mBuilding CXX object CMakeFiles/turtlesim__rosidl_typesupport_fastrtps_cpp.dir/rosidl_typesupport_fastrtps_cpp/turtlesim/msg/detail/dds_fastrtps/color__type_support.cpp.o[0m
[10.600s] [ 33%] Built target turtlesim__rosidl_typesupport_c
[10.640s] [ 34%] [34m[1mGenerating C introspection for ROS interfaces[0m
[10.719s] [ 35%] [32mBuilding CXX object CMakeFiles/turtlesim__rosidl_typesupport_introspection_cpp.dir/rosidl_typesupport_introspection_cpp/turtlesim/srv/detail/kill__type_support.cpp.o[0m
[10.859s] [ 36%] [32mBuilding CXX object CMakeFiles/turtlesim__rosidl_typesupport_cpp.dir/rosidl_typesupport_cpp/turtlesim/srv/set_pen__type_support.cpp.o[0m
[11.403s] [ 37%] [32mBuilding CXX object CMakeFiles/turtlesim__rosidl_typesupport_introspection_cpp.dir/rosidl_typesupport_introspection_cpp/turtlesim/srv/detail/set_pen__type_support.cpp.o[0m
[11.524s] [ 38%] [32mBuilding CXX object CMakeFiles/turtlesim__rosidl_typesupport_fastrtps_cpp.dir/rosidl_typesupport_fastrtps_cpp/turtlesim/msg/detail/dds_fastrtps/pose__type_support.cpp.o[0m
[11.596s] [ 39%] [32mBuilding CXX object CMakeFiles/turtlesim__rosidl_typesupport_cpp.dir/rosidl_typesupport_cpp/turtlesim/srv/spawn__type_support.cpp.o[0m
[12.083s] [ 40%] [32mBuilding CXX object CMakeFiles/turtlesim__rosidl_typesupport_introspection_cpp.dir/rosidl_typesupport_introspection_cpp/turtlesim/srv/detail/spawn__type_support.cpp.o[0m
[12.354s] [ 41%] [32mBuilding CXX object CMakeFiles/turtlesim__rosidl_typesupport_cpp.dir/rosidl_typesupport_cpp/turtlesim/srv/teleport_absolute__type_support.cpp.o[0m
[12.561s] [ 42%] [32mBuilding CXX object CMakeFiles/turtlesim__rosidl_typesupport_fastrtps_cpp.dir/rosidl_typesupport_fastrtps_cpp/turtlesim/srv/detail/dds_fastrtps/kill__type_support.cpp.o[0m
[12.803s] [ 43%] [32mBuilding CXX object CMakeFiles/turtlesim__rosidl_typesupport_introspection_cpp.dir/rosidl_typesupport_introspection_cpp/turtlesim/srv/detail/teleport_absolute__type_support.cpp.o[0m
[13.100s] [ 44%] [32mBuilding CXX object CMakeFiles/turtlesim__rosidl_typesupport_cpp.dir/rosidl_typesupport_cpp/turtlesim/srv/teleport_relative__type_support.cpp.o[0m
[13.166s] [35m[1mScanning dependencies of target turtlesim__rosidl_typesupport_introspection_c[0m
[13.244s] [ 45%] [32mBuilding C object CMakeFiles/turtlesim__rosidl_typesupport_introspection_c.dir/rosidl_typesupport_introspection_c/turtlesim/action/detail/rotate_absolute__type_support.c.o[0m
[13.403s] [ 46%] [32mBuilding C object CMakeFiles/turtlesim__rosidl_typesupport_introspection_c.dir/rosidl_typesupport_introspection_c/turtlesim/msg/detail/color__type_support.c.o[0m
[13.525s] [ 47%] [32mBuilding C object CMakeFiles/turtlesim__rosidl_typesupport_introspection_c.dir/rosidl_typesupport_introspection_c/turtlesim/msg/detail/pose__type_support.c.o[0m
[13.562s] [ 48%] [32mBuilding CXX object CMakeFiles/turtlesim__rosidl_typesupport_introspection_cpp.dir/rosidl_typesupport_introspection_cpp/turtlesim/srv/detail/teleport_relative__type_support.cpp.o[0m
[13.605s] [ 49%] [32mBuilding C object CMakeFiles/turtlesim__rosidl_typesupport_introspection_c.dir/rosidl_typesupport_introspection_c/turtlesim/srv/detail/kill__type_support.c.o[0m
[13.694s] [ 50%] [32mBuilding C object CMakeFiles/turtlesim__rosidl_typesupport_introspection_c.dir/rosidl_typesupport_introspection_c/turtlesim/srv/detail/set_pen__type_support.c.o[0m
[13.811s] [ 51%] [32mBuilding C object CMakeFiles/turtlesim__rosidl_typesupport_introspection_c.dir/rosidl_typesupport_introspection_c/turtlesim/srv/detail/spawn__type_support.c.o[0m
[13.896s] [ 52%] [32mBuilding CXX object CMakeFiles/turtlesim__rosidl_typesupport_fastrtps_cpp.dir/rosidl_typesupport_fastrtps_cpp/turtlesim/srv/detail/dds_fastrtps/set_pen__type_support.cpp.o[0m
[13.934s] [ 53%] [32mBuilding C object CMakeFiles/turtlesim__rosidl_typesupport_introspection_c.dir/rosidl_typesupport_introspection_c/turtlesim/srv/detail/teleport_absolute__type_support.c.o[0m
[13.946s] [ 54%] [32m[1mLinking CXX shared library libturtlesim__rosidl_typesupport_cpp.so[0m
[14.047s] [ 55%] [32mBuilding C object CMakeFiles/turtlesim__rosidl_typesupport_introspection_c.dir/rosidl_typesupport_introspection_c/turtlesim/srv/detail/teleport_relative__type_support.c.o[0m
[14.079s] [ 55%] Built target turtlesim__rosidl_typesupport_cpp
[14.126s] [ 56%] [32mBuilding CXX object CMakeFiles/turtlesim__rosidl_typesupport_fastrtps_cpp.dir/rosidl_typesupport_fastrtps_cpp/turtlesim/srv/detail/dds_fastrtps/spawn__type_support.cpp.o[0m
[14.186s] [ 57%] [32m[1mLinking C shared library libturtlesim__rosidl_typesupport_introspection_c.so[0m
[14.240s] [ 58%] [32m[1mLinking CXX shared library libturtlesim__rosidl_typesupport_introspection_cpp.so[0m
[14.356s] [ 58%] Built target turtlesim__rosidl_typesupport_introspection_c
[14.382s] [ 59%] [32mBuilding CXX object CMakeFiles/turtlesim__rosidl_typesupport_fastrtps_cpp.dir/rosidl_typesupport_fastrtps_cpp/turtlesim/srv/detail/dds_fastrtps/teleport_absolute__type_support.cpp.o[0m
[14.449s] [ 59%] Built target turtlesim__rosidl_typesupport_introspection_cpp
[14.487s] [ 60%] [32mBuilding CXX object CMakeFiles/turtlesim__rosidl_typesupport_fastrtps_cpp.dir/rosidl_typesupport_fastrtps_cpp/turtlesim/srv/detail/dds_fastrtps/teleport_relative__type_support.cpp.o[0m
[15.378s] [ 61%] [32m[1mLinking CXX shared library libturtlesim__rosidl_typesupport_fastrtps_cpp.so[0m
[15.530s] [ 61%] Built target turtlesim__rosidl_typesupport_fastrtps_cpp
[15.552s] [ 62%] [34m[1mGenerating C type support for eProsima Fast-RTPS[0m
[17.016s] [35m[1mScanning dependencies of target turtlesim__rosidl_typesupport_fastrtps_c[0m
[17.084s] [ 63%] [32mBuilding CXX object CMakeFiles/turtlesim__rosidl_typesupport_fastrtps_c.dir/rosidl_typesupport_fastrtps_c/turtlesim/srv/detail/kill__type_support_c.cpp.o[0m
[17.088s] [ 64%] [32mBuilding CXX object CMakeFiles/turtlesim__rosidl_typesupport_fastrtps_c.dir/rosidl_typesupport_fastrtps_c/turtlesim/action/detail/rotate_absolute__type_support_c.cpp.o[0m
[17.089s] [ 65%] [32mBuilding CXX object CMakeFiles/turtlesim__rosidl_typesupport_fastrtps_c.dir/rosidl_typesupport_fastrtps_c/turtlesim/msg/detail/color__type_support_c.cpp.o[0m
[17.105s] [ 66%] [32mBuilding CXX object CMakeFiles/turtlesim__rosidl_typesupport_fastrtps_c.dir/rosidl_typesupport_fastrtps_c/turtlesim/msg/detail/pose__type_support_c.cpp.o[0m
[17.953s] [ 67%] [32mBuilding CXX object CMakeFiles/turtlesim__rosidl_typesupport_fastrtps_c.dir/rosidl_typesupport_fastrtps_c/turtlesim/srv/detail/set_pen__type_support_c.cpp.o[0m
[17.983s] [ 68%] [32mBuilding CXX object CMakeFiles/turtlesim__rosidl_typesupport_fastrtps_c.dir/rosidl_typesupport_fastrtps_c/turtlesim/srv/detail/spawn__type_support_c.cpp.o[0m
[17.997s] [ 69%] [32mBuilding CXX object CMakeFiles/turtlesim__rosidl_typesupport_fastrtps_c.dir/rosidl_typesupport_fastrtps_c/turtlesim/srv/detail/teleport_absolute__type_support_c.cpp.o[0m
[18.058s] [ 70%] [32mBuilding CXX object CMakeFiles/turtlesim__rosidl_typesupport_fastrtps_c.dir/rosidl_typesupport_fastrtps_c/turtlesim/srv/detail/teleport_relative__type_support_c.cpp.o[0m
[18.911s] [ 71%] [32m[1mLinking CXX shared library libturtlesim__rosidl_typesupport_fastrtps_c.so[0m
[19.058s] [ 71%] Built target turtlesim__rosidl_typesupport_fastrtps_c
[19.078s] [35m[1mScanning dependencies of target turtlesim[0m
[19.095s] [ 71%] Built target turtlesim
[19.115s] [35m[1mScanning dependencies of target mimic[0m
[19.117s] [35m[1mScanning dependencies of target turtlesim__py[0m
[19.129s] [35m[1mScanning dependencies of target turtle_teleop_key[0m
[19.132s] [35m[1mScanning dependencies of target draw_square[0m
[19.160s] [ 72%] [34m[1mGenerating Python code for ROS interfaces[0m
[19.308s] [ 73%] [32mBuilding CXX object CMakeFiles/turtle_teleop_key.dir/tutorials/teleop_turtle_key.cpp.o[0m
[19.322s] [ 74%] [32mBuilding CXX object CMakeFiles/draw_square.dir/tutorials/draw_square.cpp.o[0m
[19.336s] [ 75%] [32mBuilding CXX object CMakeFiles/mimic.dir/tutorials/mimic.cpp.o[0m
[26.865s] [ 75%] Built target turtlesim__py
[26.919s] [ 76%] [34m[1mGenerating include/turtlesim/moc_turtle_frame.cpp[0m
[27.184s] [35m[1mScanning dependencies of target turtlesim_node[0m
[27.631s] [ 77%] [32mBuilding CXX object CMakeFiles/turtlesim_node.dir/src/turtlesim.cpp.o[0m
[35.500s] [ 78%] [32m[1mLinking CXX executable turtle_teleop_key[0m
[36.496s] [ 78%] Built target turtle_teleop_key
[36.539s] [35m[1mScanning dependencies of target turtlesim__python[0m
[36.727s] [ 79%] [32mBuilding C object CMakeFiles/turtlesim__python.dir/rosidl_generator_py/turtlesim/action/_rotate_absolute_s.c.o[0m
[37.198s] [ 80%] [32mBuilding C object CMakeFiles/turtlesim__python.dir/rosidl_generator_py/turtlesim/msg/_color_s.c.o[0m
[37.464s] [ 81%] [32mBuilding C object CMakeFiles/turtlesim__python.dir/rosidl_generator_py/turtlesim/msg/_pose_s.c.o[0m
[37.749s] [ 82%] [32m[1mLinking CXX executable mimic[0m
[37.775s] [ 83%] [32mBuilding C object CMakeFiles/turtlesim__python.dir/rosidl_generator_py/turtlesim/srv/_kill_s.c.o[0m
[38.056s] [ 84%] [32mBuilding C object CMakeFiles/turtlesim__python.dir/rosidl_generator_py/turtlesim/srv/_set_pen_s.c.o[0m
[38.372s] [ 85%] [32mBuilding C object CMakeFiles/turtlesim__python.dir/rosidl_generator_py/turtlesim/srv/_spawn_s.c.o[0m
[38.550s] [ 85%] Built target mimic
[38.609s] [ 86%] [32mBuilding CXX object CMakeFiles/turtlesim_node.dir/src/turtle.cpp.o[0m
[38.706s] [ 87%] [32mBuilding C object CMakeFiles/turtlesim__python.dir/rosidl_generator_py/turtlesim/srv/_teleport_absolute_s.c.o[0m
[38.989s] [ 88%] [32mBuilding C object CMakeFiles/turtlesim__python.dir/rosidl_generator_py/turtlesim/srv/_teleport_relative_s.c.o[0m
[39.129s] [ 89%] [32m[1mLinking CXX executable draw_square[0m
[39.342s] [ 90%] [32m[1mLinking C shared library rosidl_generator_py/turtlesim/libturtlesim__python.so[0m
[39.525s] [ 90%] Built target turtlesim__python
[39.574s] [35m[1mScanning dependencies of target turtlesim__rosidl_typesupport_introspection_c__pyext[0m
[39.676s] [ 91%] [32mBuilding C object CMakeFiles/turtlesim__rosidl_typesupport_introspection_c__pyext.dir/rosidl_generator_py/turtlesim/_turtlesim_s.ep.rosidl_typesupport_introspection_c.c.o[0m
[39.698s] [ 92%] [32mBuilding CXX object CMakeFiles/turtlesim_node.dir/src/turtle_frame.cpp.o[0m
[40.065s] [ 92%] Built target draw_square
[40.076s] [ 93%] [32m[1mLinking C shared library rosidl_generator_py/turtlesim/turtlesim_s__rosidl_typesupport_introspection_c.cpython-38-x86_64-linux-gnu.so[0m
[40.108s] [35m[1mScanning dependencies of target turtlesim__rosidl_typesupport_fastrtps_c__pyext[0m
[40.169s] [ 94%] [32mBuilding C object CMakeFiles/turtlesim__rosidl_typesupport_fastrtps_c__pyext.dir/rosidl_generator_py/turtlesim/_turtlesim_s.ep.rosidl_typesupport_fastrtps_c.c.o[0m
[40.248s] [ 94%] Built target turtlesim__rosidl_typesupport_introspection_c__pyext
[40.290s] [35m[1mScanning dependencies of target turtlesim__rosidl_typesupport_c__pyext[0m
[40.375s] [ 95%] [32mBuilding C object CMakeFiles/turtlesim__rosidl_typesupport_c__pyext.dir/rosidl_generator_py/turtlesim/_turtlesim_s.ep.rosidl_typesupport_c.c.o[0m
[40.613s] [ 96%] [32m[1mLinking CXX shared library rosidl_generator_py/turtlesim/turtlesim_s__rosidl_typesupport_fastrtps_c.cpython-38-x86_64-linux-gnu.so[0m
[40.909s] [ 97%] [32m[1mLinking C shared library rosidl_generator_py/turtlesim/turtlesim_s__rosidl_typesupport_c.cpython-38-x86_64-linux-gnu.so[0m
[40.954s] [ 97%] Built target turtlesim__rosidl_typesupport_fastrtps_c__pyext
[41.021s] [ 98%] [32mBuilding CXX object CMakeFiles/turtlesim_node.dir/include/turtlesim/moc_turtle_frame.cpp.o[0m
[41.139s] [ 98%] Built target turtlesim__rosidl_typesupport_c__pyext
[54.321s] [100%] [32m[1mLinking CXX executable turtlesim_node[0m
[56.985s] [100%] Built target turtlesim_node
[57.017s] Invoked command in '/root/duck_ws/build/turtlesim' returned '0': CMAKE_PREFIX_PATH=/opt/ros/foxy /usr/bin/cmake --build /root/duck_ws/build/turtlesim -- -j4 -l4
[57.330s] Invoking command in '/root/duck_ws/build/turtlesim': CMAKE_PREFIX_PATH=/opt/ros/foxy /usr/bin/cmake --install /root/duck_ws/build/turtlesim
[57.346s] -- Install configuration: ""
[57.350s] -- Installing: /root/duck_ws/install/turtlesim/share/ament_index/resource_index/rosidl_interfaces/turtlesim
[57.351s] -- Installing: /root/duck_ws/install/turtlesim/include/turtlesim
[57.351s] -- Installing: /root/duck_ws/install/turtlesim/include/turtlesim/srv
[57.352s] -- Installing: /root/duck_ws/install/turtlesim/include/turtlesim/srv/kill.h
[57.352s] -- Installing: /root/duck_ws/install/turtlesim/include/turtlesim/srv/teleport_absolute.h
[57.352s] -- Installing: /root/duck_ws/install/turtlesim/include/turtlesim/srv/spawn.h
[57.353s] -- Installing: /root/duck_ws/install/turtlesim/include/turtlesim/srv/set_pen.h
[57.354s] -- Installing: /root/duck_ws/install/turtlesim/include/turtlesim/srv/detail
[57.355s] -- Installing: /root/duck_ws/install/turtlesim/include/turtlesim/srv/detail/teleport_absolute__functions.h
[57.355s] -- Installing: /root/duck_ws/install/turtlesim/include/turtlesim/srv/detail/spawn__type_support.h
[57.355s] -- Installing: /root/duck_ws/install/turtlesim/include/turtlesim/srv/detail/teleport_relative__type_support.h
[57.356s] -- Installing: /root/duck_ws/install/turtlesim/include/turtlesim/srv/detail/teleport_absolute__type_support.h
[57.356s] -- Installing: /root/duck_ws/install/turtlesim/include/turtlesim/srv/detail/set_pen__struct.h
[57.356s] -- Installing: /root/duck_ws/install/turtlesim/include/turtlesim/srv/detail/kill__struct.h
[57.357s] -- Installing: /root/duck_ws/install/turtlesim/include/turtlesim/srv/detail/teleport_relative__functions.h
[57.357s] -- Installing: /root/duck_ws/install/turtlesim/include/turtlesim/srv/detail/teleport_absolute__functions.c
[57.358s] -- Installing: /root/duck_ws/install/turtlesim/include/turtlesim/srv/detail/teleport_absolute__struct.h
[57.359s] -- Installing: /root/duck_ws/install/turtlesim/include/turtlesim/srv/detail/spawn__functions.c
[57.359s] -- Installing: /root/duck_ws/install/turtlesim/include/turtlesim/srv/detail/teleport_relative__functions.c
[57.360s] -- Installing: /root/duck_ws/install/turtlesim/include/turtlesim/srv/detail/spawn__struct.h
[57.360s] -- Installing: /root/duck_ws/install/turtlesim/include/turtlesim/srv/detail/teleport_relative__struct.h
[57.361s] -- Installing: /root/duck_ws/install/turtlesim/include/turtlesim/srv/detail/kill__functions.h
[57.361s] -- Installing: /root/duck_ws/install/turtlesim/include/turtlesim/srv/detail/kill__type_support.h
[57.361s] -- Installing: /root/duck_ws/install/turtlesim/include/turtlesim/srv/detail/set_pen__functions.c
[57.362s] -- Installing: /root/duck_ws/install/turtlesim/include/turtlesim/srv/detail/set_pen__type_support.h
[57.362s] -- Installing: /root/duck_ws/install/turtlesim/include/turtlesim/srv/detail/set_pen__functions.h
[57.363s] -- Installing: /root/duck_ws/install/turtlesim/include/turtlesim/srv/detail/spawn__functions.h
[57.363s] -- Installing: /root/duck_ws/install/turtlesim/include/turtlesim/srv/detail/kill__functions.c
[57.363s] -- Installing: /root/duck_ws/install/turtlesim/include/turtlesim/srv/teleport_relative.h
[57.364s] -- Installing: /root/duck_ws/install/turtlesim/include/turtlesim/msg
[57.364s] -- Installing: /root/duck_ws/install/turtlesim/include/turtlesim/msg/pose.h
[57.364s] -- Installing: /root/duck_ws/install/turtlesim/include/turtlesim/msg/color.h
[57.365s] -- Installing: /root/duck_ws/install/turtlesim/include/turtlesim/msg/rosidl_generator_c__visibility_control.h
[57.366s] -- Installing: /root/duck_ws/install/turtlesim/include/turtlesim/msg/detail
[57.366s] -- Installing: /root/duck_ws/install/turtlesim/include/turtlesim/msg/detail/pose__functions.h
[57.366s] -- Installing: /root/duck_ws/install/turtlesim/include/turtlesim/msg/detail/pose__struct.h
[57.367s] -- Installing: /root/duck_ws/install/turtlesim/include/turtlesim/msg/detail/color__struct.h
[57.367s] -- Installing: /root/duck_ws/install/turtlesim/include/turtlesim/msg/detail/pose__functions.c
[57.367s] -- Installing: /root/duck_ws/install/turtlesim/include/turtlesim/msg/detail/color__functions.h
[57.368s] -- Installing: /root/duck_ws/install/turtlesim/include/turtlesim/msg/detail/color__functions.c
[57.368s] -- Installing: /root/duck_ws/install/turtlesim/include/turtlesim/msg/detail/color__type_support.h
[57.368s] -- Installing: /root/duck_ws/install/turtlesim/include/turtlesim/msg/detail/pose__type_support.h
[57.369s] -- Installing: /root/duck_ws/install/turtlesim/include/turtlesim/action
[57.369s] -- Installing: /root/duck_ws/install/turtlesim/include/turtlesim/action/rotate_absolute.h
[57.370s] -- Installing: /root/duck_ws/install/turtlesim/include/turtlesim/action/detail
[57.370s] -- Installing: /root/duck_ws/install/turtlesim/include/turtlesim/action/detail/rotate_absolute__functions.c
[57.371s] -- Installing: /root/duck_ws/install/turtlesim/include/turtlesim/action/detail/rotate_absolute__type_support.h
[57.371s] -- Installing: /root/duck_ws/install/turtlesim/include/turtlesim/action/detail/rotate_absolute__functions.h
[57.371s] -- Installing: /root/duck_ws/install/turtlesim/include/turtlesim/action/detail/rotate_absolute__struct.h
[57.372s] -- Installing: /root/duck_ws/install/turtlesim/share/turtlesim/environment/library_path.sh
[57.372s] -- Installing: /root/duck_ws/install/turtlesim/share/turtlesim/environment/library_path.dsv
[57.372s] -- Installing: /root/duck_ws/install/turtlesim/lib/libturtlesim__rosidl_generator_c.so
[57.372s] -- Set runtime path of "/root/duck_ws/install/turtlesim/lib/libturtlesim__rosidl_generator_c.so" to ""
[57.373s] -- Up-to-date: /root/duck_ws/install/turtlesim/include/turtlesim
[57.373s] -- Up-to-date: /root/duck_ws/install/turtlesim/include/turtlesim/srv
[57.374s] -- Up-to-date: /root/duck_ws/install/turtlesim/include/turtlesim/srv/detail
[57.374s] -- Installing: /root/duck_ws/install/turtlesim/include/turtlesim/srv/detail/spawn__rosidl_typesupport_fastrtps_c.h
[57.374s] -- Installing: /root/duck_ws/install/turtlesim/include/turtlesim/srv/detail/teleport_relative__rosidl_typesupport_fastrtps_c.h
[57.375s] -- Installing: /root/duck_ws/install/turtlesim/include/turtlesim/srv/detail/kill__rosidl_typesupport_fastrtps_c.h
[57.375s] -- Installing: /root/duck_ws/install/turtlesim/include/turtlesim/srv/detail/teleport_absolute__rosidl_typesupport_fastrtps_c.h
[57.376s] -- Installing: /root/duck_ws/install/turtlesim/include/turtlesim/srv/detail/set_pen__rosidl_typesupport_fastrtps_c.h
[57.376s] -- Up-to-date: /root/duck_ws/install/turtlesim/include/turtlesim/msg
[57.376s] -- Installing: /root/duck_ws/install/turtlesim/include/turtlesim/msg/rosidl_typesupport_fastrtps_c__visibility_control.h
[57.377s] -- Up-to-date: /root/duck_ws/install/turtlesim/include/turtlesim/msg/detail
[57.377s] -- Installing: /root/duck_ws/install/turtlesim/include/turtlesim/msg/detail/color__rosidl_typesupport_fastrtps_c.h
[57.377s] -- Installing: /root/duck_ws/install/turtlesim/include/turtlesim/msg/detail/pose__rosidl_typesupport_fastrtps_c.h
[57.378s] -- Up-to-date: /root/duck_ws/install/turtlesim/include/turtlesim/action
[57.378s] -- Up-to-date: /root/duck_ws/install/turtlesim/include/turtlesim/action/detail
[57.379s] -- Installing: /root/duck_ws/install/turtlesim/include/turtlesim/action/detail/rotate_absolute__rosidl_typesupport_fastrtps_c.h
[57.379s] -- Installing: /root/duck_ws/install/turtlesim/lib/libturtlesim__rosidl_typesupport_fastrtps_c.so
[57.380s] -- Set runtime path of "/root/duck_ws/install/turtlesim/lib/libturtlesim__rosidl_typesupport_fastrtps_c.so" to ""
[57.380s] -- Up-to-date: /root/duck_ws/install/turtlesim/include/turtlesim
[57.380s] -- Up-to-date: /root/duck_ws/install/turtlesim/include/turtlesim/srv
[57.381s] -- Up-to-date: /root/duck_ws/install/turtlesim/include/turtlesim/srv/detail
[57.381s] -- Installing: /root/duck_ws/install/turtlesim/include/turtlesim/srv/detail/spawn__rosidl_typesupport_fastrtps_cpp.hpp
[57.382s] -- Installing: /root/duck_ws/install/turtlesim/include/turtlesim/srv/detail/teleport_relative__rosidl_typesupport_fastrtps_cpp.hpp
[57.382s] -- Installing: /root/duck_ws/install/turtlesim/include/turtlesim/srv/detail/teleport_absolute__rosidl_typesupport_fastrtps_cpp.hpp
[57.382s] -- Installing: /root/duck_ws/install/turtlesim/include/turtlesim/srv/detail/dds_fastrtps
[57.383s] -- Installing: /root/duck_ws/install/turtlesim/include/turtlesim/srv/detail/set_pen__rosidl_typesupport_fastrtps_cpp.hpp
[57.383s] -- Installing: /root/duck_ws/install/turtlesim/include/turtlesim/srv/detail/kill__rosidl_typesupport_fastrtps_cpp.hpp
[57.383s] -- Up-to-date: /root/duck_ws/install/turtlesim/include/turtlesim/msg
[57.384s] -- Installing: /root/duck_ws/install/turtlesim/include/turtlesim/msg/rosidl_typesupport_fastrtps_cpp__visibility_control.h
[57.384s] -- Up-to-date: /root/duck_ws/install/turtlesim/include/turtlesim/msg/detail
[57.384s] -- Installing: /root/duck_ws/install/turtlesim/include/turtlesim/msg/detail/pose__rosidl_typesupport_fastrtps_cpp.hpp
[57.385s] -- Installing: /root/duck_ws/install/turtlesim/include/turtlesim/msg/detail/dds_fastrtps
[57.386s] -- Installing: /root/duck_ws/install/turtlesim/include/turtlesim/msg/detail/color__rosidl_typesupport_fastrtps_cpp.hpp
[57.386s] -- Up-to-date: /root/duck_ws/install/turtlesim/include/turtlesim/action
[57.387s] -- Up-to-date: /root/duck_ws/install/turtlesim/include/turtlesim/action/detail
[57.387s] -- Installing: /root/duck_ws/install/turtlesim/include/turtlesim/action/detail/rotate_absolute__rosidl_typesupport_fastrtps_cpp.hpp
[57.387s] -- Installing: /root/duck_ws/install/turtlesim/include/turtlesim/action/detail/dds_fastrtps
[57.388s] -- Installing: /root/duck_ws/install/turtlesim/lib/libturtlesim__rosidl_typesupport_fastrtps_cpp.so
[57.388s] -- Set runtime path of "/root/duck_ws/install/turtlesim/lib/libturtlesim__rosidl_typesupport_fastrtps_cpp.so" to ""
[57.389s] -- Up-to-date: /root/duck_ws/install/turtlesim/include/turtlesim
[57.389s] -- Up-to-date: /root/duck_ws/install/turtlesim/include/turtlesim/srv
[57.390s] -- Up-to-date: /root/duck_ws/install/turtlesim/include/turtlesim/srv/detail
[57.390s] -- Installing: /root/duck_ws/install/turtlesim/include/turtlesim/srv/detail/set_pen__type_support.c
[57.391s] -- Installing: /root/duck_ws/install/turtlesim/include/turtlesim/srv/detail/kill__rosidl_typesupport_introspection_c.h
[57.391s] -- Installing: /root/duck_ws/install/turtlesim/include/turtlesim/srv/detail/teleport_absolute__rosidl_typesupport_introspection_c.h
[57.391s] -- Installing: /root/duck_ws/install/turtlesim/include/turtlesim/srv/detail/spawn__type_support.c
[57.392s] -- Installing: /root/duck_ws/install/turtlesim/include/turtlesim/srv/detail/set_pen__rosidl_typesupport_introspection_c.h
[57.392s] -- Installing: /root/duck_ws/install/turtlesim/include/turtlesim/srv/detail/teleport_absolute__type_support.c
[57.392s] -- Installing: /root/duck_ws/install/turtlesim/include/turtlesim/srv/detail/teleport_relative__type_support.c
[57.393s] -- Installing: /root/duck_ws/install/turtlesim/include/turtlesim/srv/detail/spawn__rosidl_typesupport_introspection_c.h
[57.393s] -- Installing: /root/duck_ws/install/turtlesim/include/turtlesim/srv/detail/teleport_relative__rosidl_typesupport_introspection_c.h
[57.394s] -- Installing: /root/duck_ws/install/turtlesim/include/turtlesim/srv/detail/kill__type_support.c
[57.394s] -- Up-to-date: /root/duck_ws/install/turtlesim/include/turtlesim/msg
[57.394s] -- Installing: /root/duck_ws/install/turtlesim/include/turtlesim/msg/rosidl_typesupport_introspection_c__visibility_control.h
[57.395s] -- Up-to-date: /root/duck_ws/install/turtlesim/include/turtlesim/msg/detail
[57.395s] -- Installing: /root/duck_ws/install/turtlesim/include/turtlesim/msg/detail/color__type_support.c
[57.395s] -- Installing: /root/duck_ws/install/turtlesim/include/turtlesim/msg/detail/pose__rosidl_typesupport_introspection_c.h
[57.396s] -- Installing: /root/duck_ws/install/turtlesim/include/turtlesim/msg/detail/color__rosidl_typesupport_introspection_c.h
[57.396s] -- Installing: /root/duck_ws/install/turtlesim/include/turtlesim/msg/detail/pose__type_support.c
[57.397s] -- Up-to-date: /root/duck_ws/install/turtlesim/include/turtlesim/action
[57.397s] -- Up-to-date: /root/duck_ws/install/turtlesim/include/turtlesim/action/detail
[57.397s] -- Installing: /root/duck_ws/install/turtlesim/include/turtlesim/action/detail/rotate_absolute__type_support.c
[57.397s] -- Installing: /root/duck_ws/install/turtlesim/include/turtlesim/action/detail/rotate_absolute__rosidl_typesupport_introspection_c.h
[57.398s] -- Installing: /root/duck_ws/install/turtlesim/lib/libturtlesim__rosidl_typesupport_introspection_c.so
[57.398s] -- Set runtime path of "/root/duck_ws/install/turtlesim/lib/libturtlesim__rosidl_typesupport_introspection_c.so" to ""
[57.398s] -- Installing: /root/duck_ws/install/turtlesim/lib/libturtlesim__rosidl_typesupport_c.so
[57.398s] -- Set runtime path of "/root/duck_ws/install/turtlesim/lib/libturtlesim__rosidl_typesupport_c.so" to ""
[57.399s] -- Up-to-date: /root/duck_ws/install/turtlesim/include/turtlesim
[57.399s] -- Up-to-date: /root/duck_ws/install/turtlesim/include/turtlesim/srv
[57.399s] -- Installing: /root/duck_ws/install/turtlesim/include/turtlesim/srv/teleport_relative.hpp
[57.399s] -- Installing: /root/duck_ws/install/turtlesim/include/turtlesim/srv/set_pen.hpp
[57.399s] -- Installing: /root/duck_ws/install/turtlesim/include/turtlesim/srv/teleport_absolute.hpp
[57.400s] -- Installing: /root/duck_ws/install/turtlesim/include/turtlesim/srv/spawn.hpp
[57.400s] -- Installing: /root/duck_ws/install/turtlesim/include/turtlesim/srv/kill.hpp
[57.400s] -- Up-to-date: /root/duck_ws/install/turtlesim/include/turtlesim/srv/detail
[57.400s] -- Installing: /root/duck_ws/install/turtlesim/include/turtlesim/srv/detail/spawn__traits.hpp
[57.400s] -- Installing: /root/duck_ws/install/turtlesim/include/turtlesim/srv/detail/spawn__builder.hpp
[57.401s] -- Installing: /root/duck_ws/install/turtlesim/include/turtlesim/srv/detail/teleport_relative__struct.hpp
[57.401s] -- Installing: /root/duck_ws/install/turtlesim/include/turtlesim/srv/detail/kill__struct.hpp
[57.401s] -- Installing: /root/duck_ws/install/turtlesim/include/turtlesim/srv/detail/teleport_absolute__builder.hpp
[57.401s] -- Installing: /root/duck_ws/install/turtlesim/include/turtlesim/srv/detail/teleport_absolute__traits.hpp
[57.401s] -- Installing: /root/duck_ws/install/turtlesim/include/turtlesim/srv/detail/set_pen__struct.hpp
[57.402s] -- Installing: /root/duck_ws/install/turtlesim/include/turtlesim/srv/detail/kill__traits.hpp
[57.402s] -- Installing: /root/duck_ws/install/turtlesim/include/turtlesim/srv/detail/kill__builder.hpp
[57.402s] -- Installing: /root/duck_ws/install/turtlesim/include/turtlesim/srv/detail/spawn__struct.hpp
[57.402s] -- Installing: /root/duck_ws/install/turtlesim/include/turtlesim/srv/detail/set_pen__traits.hpp
[57.402s] -- Installing: /root/duck_ws/install/turtlesim/include/turtlesim/srv/detail/teleport_relative__traits.hpp
[57.402s] -- Installing: /root/duck_ws/install/turtlesim/include/turtlesim/srv/detail/teleport_relative__builder.hpp
[57.403s] -- Installing: /root/duck_ws/install/turtlesim/include/turtlesim/srv/detail/teleport_absolute__struct.hpp
[57.403s] -- Installing: /root/duck_ws/install/turtlesim/include/turtlesim/srv/detail/set_pen__builder.hpp
[57.403s] -- Up-to-date: /root/duck_ws/install/turtlesim/include/turtlesim/msg
[57.403s] -- Installing: /root/duck_ws/install/turtlesim/include/turtlesim/msg/pose.hpp
[57.403s] -- Up-to-date: /root/duck_ws/install/turtlesim/include/turtlesim/msg/detail
[57.404s] -- Installing: /root/duck_ws/install/turtlesim/include/turtlesim/msg/detail/pose__traits.hpp
[57.404s] -- Installing: /root/duck_ws/install/turtlesim/include/turtlesim/msg/detail/pose__builder.hpp
[57.404s] -- Installing: /root/duck_ws/install/turtlesim/include/turtlesim/msg/detail/color__struct.hpp
[57.404s] -- Installing: /root/duck_ws/install/turtlesim/include/turtlesim/msg/detail/color__traits.hpp
[57.404s] -- Installing: /root/duck_ws/install/turtlesim/include/turtlesim/msg/detail/pose__struct.hpp
[57.405s] -- Installing: /root/duck_ws/install/turtlesim/include/turtlesim/msg/detail/color__builder.hpp
[57.405s] -- Installing: /root/duck_ws/install/turtlesim/include/turtlesim/msg/color.hpp
[57.405s] -- Up-to-date: /root/duck_ws/install/turtlesim/include/turtlesim/action
[57.405s] -- Installing: /root/duck_ws/install/turtlesim/include/turtlesim/action/rotate_absolute.hpp
[57.405s] -- Up-to-date: /root/duck_ws/install/turtlesim/include/turtlesim/action/detail
[57.405s] -- Installing: /root/duck_ws/install/turtlesim/include/turtlesim/action/detail/rotate_absolute__traits.hpp
[57.406s] -- Installing: /root/duck_ws/install/turtlesim/include/turtlesim/action/detail/rotate_absolute__struct.hpp
[57.406s] -- Installing: /root/duck_ws/install/turtlesim/include/turtlesim/action/detail/rotate_absolute__builder.hpp
[57.406s] -- Up-to-date: /root/duck_ws/install/turtlesim/include/turtlesim
[57.406s] -- Up-to-date: /root/duck_ws/install/turtlesim/include/turtlesim/srv
[57.406s] -- Up-to-date: /root/duck_ws/install/turtlesim/include/turtlesim/srv/detail
[57.407s] -- Installing: /root/duck_ws/install/turtlesim/include/turtlesim/srv/detail/kill__type_support.cpp
[57.407s] -- Installing: /root/duck_ws/install/turtlesim/include/turtlesim/srv/detail/set_pen__type_support.cpp
[57.407s] -- Installing: /root/duck_ws/install/turtlesim/include/turtlesim/srv/detail/spawn__type_support.cpp
[57.407s] -- Installing: /root/duck_ws/install/turtlesim/include/turtlesim/srv/detail/teleport_relative__type_support.cpp
[57.407s] -- Installing: /root/duck_ws/install/turtlesim/include/turtlesim/srv/detail/teleport_absolute__type_support.cpp
[57.408s] -- Installing: /root/duck_ws/install/turtlesim/include/turtlesim/srv/detail/teleport_absolute__rosidl_typesupport_introspection_cpp.hpp
[57.408s] -- Installing: /root/duck_ws/install/turtlesim/include/turtlesim/srv/detail/set_pen__rosidl_typesupport_introspection_cpp.hpp
[57.408s] -- Installing: /root/duck_ws/install/turtlesim/include/turtlesim/srv/detail/kill__rosidl_typesupport_introspection_cpp.hpp
[57.408s] -- Installing: /root/duck_ws/install/turtlesim/include/turtlesim/srv/detail/spawn__rosidl_typesupport_introspection_cpp.hpp
[57.408s] -- Installing: /root/duck_ws/install/turtlesim/include/turtlesim/srv/detail/teleport_relative__rosidl_typesupport_introspection_cpp.hpp
[57.409s] -- Up-to-date: /root/duck_ws/install/turtlesim/include/turtlesim/msg
[57.409s] -- Up-to-date: /root/duck_ws/install/turtlesim/include/turtlesim/msg/detail
[57.409s] -- Installing: /root/duck_ws/install/turtlesim/include/turtlesim/msg/detail/color__rosidl_typesupport_introspection_cpp.hpp
[57.409s] -- Installing: /root/duck_ws/install/turtlesim/include/turtlesim/msg/detail/pose__rosidl_typesupport_introspection_cpp.hpp
[57.409s] -- Installing: /root/duck_ws/install/turtlesim/include/turtlesim/msg/detail/color__type_support.cpp
[57.409s] -- Installing: /root/duck_ws/install/turtlesim/include/turtlesim/msg/detail/pose__type_support.cpp
[57.410s] -- Up-to-date: /root/duck_ws/install/turtlesim/include/turtlesim/action
[57.411s] -- Up-to-date: /root/duck_ws/install/turtlesim/include/turtlesim/action/detail
[57.411s] -- Installing: /root/duck_ws/install/turtlesim/include/turtlesim/action/detail/rotate_absolute__rosidl_typesupport_introspection_cpp.hpp
[57.412s] -- Installing: /root/duck_ws/install/turtlesim/include/turtlesim/action/detail/rotate_absolute__type_support.cpp
[57.412s] -- Installing: /root/duck_ws/install/turtlesim/lib/libturtlesim__rosidl_typesupport_introspection_cpp.so
[57.412s] -- Set runtime path of "/root/duck_ws/install/turtlesim/lib/libturtlesim__rosidl_typesupport_introspection_cpp.so" to ""
[57.413s] -- Installing: /root/duck_ws/install/turtlesim/lib/libturtlesim__rosidl_typesupport_cpp.so
[57.413s] -- Set runtime path of "/root/duck_ws/install/turtlesim/lib/libturtlesim__rosidl_typesupport_cpp.so" to ""
[57.413s] -- Installing: /root/duck_ws/install/turtlesim/share/turtlesim/environment/pythonpath.sh
[57.413s] -- Installing: /root/duck_ws/install/turtlesim/share/turtlesim/environment/pythonpath.dsv
[57.413s] -- Installing: /root/duck_ws/install/turtlesim/lib/python3.8/site-packages/turtlesim/__init__.py
[57.458s] Compiling '/root/duck_ws/install/turtlesim/lib/python3.8/site-packages/turtlesim/__init__.py'...
[57.466s] -- Installing: /root/duck_ws/install/turtlesim/lib/python3.8/site-packages/turtlesim/action
[57.467s] -- Installing: /root/duck_ws/install/turtlesim/lib/python3.8/site-packages/turtlesim/action/_rotate_absolute.py
[57.467s] -- Installing: /root/duck_ws/install/turtlesim/lib/python3.8/site-packages/turtlesim/action/_rotate_absolute_s.c
[57.468s] -- Installing: /root/duck_ws/install/turtlesim/lib/python3.8/site-packages/turtlesim/action/__init__.py
[57.468s] -- Installing: /root/duck_ws/install/turtlesim/lib/python3.8/site-packages/turtlesim/msg
[57.469s] -- Installing: /root/duck_ws/install/turtlesim/lib/python3.8/site-packages/turtlesim/msg/_pose_s.c
[57.469s] -- Installing: /root/duck_ws/install/turtlesim/lib/python3.8/site-packages/turtlesim/msg/_color.py
[57.470s] -- Installing: /root/duck_ws/install/turtlesim/lib/python3.8/site-packages/turtlesim/msg/_pose.py
[57.470s] -- Installing: /root/duck_ws/install/turtlesim/lib/python3.8/site-packages/turtlesim/msg/_color_s.c
[57.471s] -- Installing: /root/duck_ws/install/turtlesim/lib/python3.8/site-packages/turtlesim/msg/__init__.py
[57.471s] -- Installing: /root/duck_ws/install/turtlesim/lib/python3.8/site-packages/turtlesim/srv
[57.471s] -- Installing: /root/duck_ws/install/turtlesim/lib/python3.8/site-packages/turtlesim/srv/_spawn.py
[57.472s] -- Installing: /root/duck_ws/install/turtlesim/lib/python3.8/site-packages/turtlesim/srv/_spawn_s.c
[57.473s] -- Installing: /root/duck_ws/install/turtlesim/lib/python3.8/site-packages/turtlesim/srv/_teleport_absolute_s.c
[57.473s] -- Installing: /root/duck_ws/install/turtlesim/lib/python3.8/site-packages/turtlesim/srv/_set_pen_s.c
[57.473s] -- Installing: /root/duck_ws/install/turtlesim/lib/python3.8/site-packages/turtlesim/srv/_teleport_relative.py
[57.473s] -- Installing: /root/duck_ws/install/turtlesim/lib/python3.8/site-packages/turtlesim/srv/_teleport_relative_s.c
[57.474s] -- Installing: /root/duck_ws/install/turtlesim/lib/python3.8/site-packages/turtlesim/srv/_kill_s.c
[57.474s] -- Installing: /root/duck_ws/install/turtlesim/lib/python3.8/site-packages/turtlesim/srv/_kill.py
[57.474s] -- Installing: /root/duck_ws/install/turtlesim/lib/python3.8/site-packages/turtlesim/srv/_set_pen.py
[57.474s] -- Installing: /root/duck_ws/install/turtlesim/lib/python3.8/site-packages/turtlesim/srv/_teleport_absolute.py
[57.475s] -- Installing: /root/duck_ws/install/turtlesim/lib/python3.8/site-packages/turtlesim/srv/__init__.py
[57.475s] -- Installing: /root/duck_ws/install/turtlesim/lib/python3.8/site-packages/turtlesim/turtlesim_s__rosidl_typesupport_fastrtps_c.cpython-38-x86_64-linux-gnu.so
[57.475s] -- Set runtime path of "/root/duck_ws/install/turtlesim/lib/python3.8/site-packages/turtlesim/turtlesim_s__rosidl_typesupport_fastrtps_c.cpython-38-x86_64-linux-gnu.so" to ""
[57.475s] -- Installing: /root/duck_ws/install/turtlesim/lib/python3.8/site-packages/turtlesim/turtlesim_s__rosidl_typesupport_introspection_c.cpython-38-x86_64-linux-gnu.so
[57.476s] -- Set runtime path of "/root/duck_ws/install/turtlesim/lib/python3.8/site-packages/turtlesim/turtlesim_s__rosidl_typesupport_introspection_c.cpython-38-x86_64-linux-gnu.so" to ""
[57.477s] -- Installing: /root/duck_ws/install/turtlesim/lib/python3.8/site-packages/turtlesim/turtlesim_s__rosidl_typesupport_c.cpython-38-x86_64-linux-gnu.so
[57.478s] -- Set runtime path of "/root/duck_ws/install/turtlesim/lib/python3.8/site-packages/turtlesim/turtlesim_s__rosidl_typesupport_c.cpython-38-x86_64-linux-gnu.so" to ""
[57.478s] -- Installing: /root/duck_ws/install/turtlesim/lib/libturtlesim__python.so
[57.479s] -- Set runtime path of "/root/duck_ws/install/turtlesim/lib/libturtlesim__python.so" to ""
[57.479s] -- Installing: /root/duck_ws/install/turtlesim/share/turtlesim/action/RotateAbsolute.idl
[57.480s] -- Installing: /root/duck_ws/install/turtlesim/share/turtlesim/msg/Color.idl
[57.480s] -- Installing: /root/duck_ws/install/turtlesim/share/turtlesim/msg/Pose.idl
[57.481s] -- Installing: /root/duck_ws/install/turtlesim/share/turtlesim/srv/Kill.idl
[57.481s] -- Installing: /root/duck_ws/install/turtlesim/share/turtlesim/srv/SetPen.idl
[57.481s] -- Installing: /root/duck_ws/install/turtlesim/share/turtlesim/srv/Spawn.idl
[57.482s] -- Installing: /root/duck_ws/install/turtlesim/share/turtlesim/srv/TeleportAbsolute.idl
[57.482s] -- Installing: /root/duck_ws/install/turtlesim/share/turtlesim/srv/TeleportRelative.idl
[57.482s] -- Installing: /root/duck_ws/install/turtlesim/share/turtlesim/action/RotateAbsolute.action
[57.483s] -- Installing: /root/duck_ws/install/turtlesim/share/turtlesim/msg/Color.msg
[57.484s] -- Installing: /root/duck_ws/install/turtlesim/share/turtlesim/msg/Pose.msg
[57.485s] -- Installing: /root/duck_ws/install/turtlesim/share/turtlesim/srv/Kill.srv
[57.486s] -- Installing: /root/duck_ws/install/turtlesim/share/turtlesim/srv/Kill_Request.msg
[57.487s] -- Installing: /root/duck_ws/install/turtlesim/share/turtlesim/srv/Kill_Response.msg
[57.487s] -- Installing: /root/duck_ws/install/turtlesim/share/turtlesim/srv/SetPen.srv
[57.487s] -- Installing: /root/duck_ws/install/turtlesim/share/turtlesim/srv/SetPen_Request.msg
[57.490s] -- Installing: /root/duck_ws/install/turtlesim/share/turtlesim/srv/SetPen_Response.msg
[57.490s] -- Installing: /root/duck_ws/install/turtlesim/share/turtlesim/srv/Spawn.srv
[57.491s] -- Installing: /root/duck_ws/install/turtlesim/share/turtlesim/srv/Spawn_Request.msg
[57.491s] -- Installing: /root/duck_ws/install/turtlesim/share/turtlesim/srv/Spawn_Response.msg
[57.491s] -- Installing: /root/duck_ws/install/turtlesim/share/turtlesim/srv/TeleportAbsolute.srv
[57.491s] -- Installing: /root/duck_ws/install/turtlesim/share/turtlesim/srv/TeleportAbsolute_Request.msg
[57.491s] -- Installing: /root/duck_ws/install/turtlesim/share/turtlesim/srv/TeleportAbsolute_Response.msg
[57.491s] -- Installing: /root/duck_ws/install/turtlesim/share/turtlesim/srv/TeleportRelative.srv
[57.491s] -- Installing: /root/duck_ws/install/turtlesim/share/turtlesim/srv/TeleportRelative_Request.msg
[57.492s] -- Installing: /root/duck_ws/install/turtlesim/share/turtlesim/srv/TeleportRelative_Response.msg
[57.492s] -- Installing: /root/duck_ws/install/turtlesim/lib/turtlesim/turtlesim_node
[57.500s] -- Set runtime path of "/root/duck_ws/install/turtlesim/lib/turtlesim/turtlesim_node" to ""
[57.500s] -- Installing: /root/duck_ws/install/turtlesim/lib/turtlesim/turtle_teleop_key
[57.504s] -- Set runtime path of "/root/duck_ws/install/turtlesim/lib/turtlesim/turtle_teleop_key" to ""
[57.505s] -- Installing: /root/duck_ws/install/turtlesim/lib/turtlesim/draw_square
[57.510s] -- Set runtime path of "/root/duck_ws/install/turtlesim/lib/turtlesim/draw_square" to ""
[57.511s] -- Installing: /root/duck_ws/install/turtlesim/lib/turtlesim/mimic
[57.516s] -- Set runtime path of "/root/duck_ws/install/turtlesim/lib/turtlesim/mimic" to ""
[57.516s] -- Installing: /root/duck_ws/install/turtlesim/share/turtlesim/images
[57.516s] -- Installing: /root/duck_ws/install/turtlesim/share/turtlesim/images/bouncy.png
[57.526s] -- Installing: /root/duck_ws/install/turtlesim/share/turtlesim/images/dashing.png
[57.526s] -- Installing: /root/duck_ws/install/turtlesim/share/turtlesim/images/ardent.png
[57.527s] -- Installing: /root/duck_ws/install/turtlesim/share/turtlesim/images/foxy.png
[57.527s] -- Installing: /root/duck_ws/install/turtlesim/share/turtlesim/images/crystal.png
[57.528s] -- Installing: /root/duck_ws/install/turtlesim/share/turtlesim/images/eloquent.png
[57.529s] -- Installing: /root/duck_ws/install/turtlesim/share/turtlesim/launch
[57.529s] -- Installing: /root/duck_ws/install/turtlesim/share/turtlesim/launch/multisim.launch.py
[57.530s] -- Installing: /root/duck_ws/install/turtlesim/share/ament_index/resource_index/package_run_dependencies/turtlesim
[57.531s] -- Installing: /root/duck_ws/install/turtlesim/share/ament_index/resource_index/parent_prefix_path/turtlesim
[57.531s] -- Installing: /root/duck_ws/install/turtlesim/share/turtlesim/environment/ament_prefix_path.sh
[57.531s] -- Installing: /root/duck_ws/install/turtlesim/share/turtlesim/environment/ament_prefix_path.dsv
[57.532s] -- Installing: /root/duck_ws/install/turtlesim/share/turtlesim/environment/path.sh
[57.532s] -- Installing: /root/duck_ws/install/turtlesim/share/turtlesim/environment/path.dsv
[57.532s] -- Installing: /root/duck_ws/install/turtlesim/share/turtlesim/local_setup.bash
[57.533s] -- Installing: /root/duck_ws/install/turtlesim/share/turtlesim/local_setup.sh
[57.533s] -- Installing: /root/duck_ws/install/turtlesim/share/turtlesim/local_setup.zsh
[57.534s] -- Installing: /root/duck_ws/install/turtlesim/share/turtlesim/local_setup.dsv
[57.534s] -- Installing: /root/duck_ws/install/turtlesim/share/turtlesim/package.dsv
[57.535s] -- Installing: /root/duck_ws/install/turtlesim/share/ament_index/resource_index/packages/turtlesim
[57.535s] -- Installing: /root/duck_ws/install/turtlesim/share/turtlesim/cmake/turtlesim__rosidl_generator_cExport.cmake
[57.535s] -- Installing: /root/duck_ws/install/turtlesim/share/turtlesim/cmake/turtlesim__rosidl_generator_cExport-noconfig.cmake
[57.536s] -- Installing: /root/duck_ws/install/turtlesim/share/turtlesim/cmake/turtlesim__rosidl_typesupport_introspection_cExport.cmake
[57.537s] -- Installing: /root/duck_ws/install/turtlesim/share/turtlesim/cmake/turtlesim__rosidl_typesupport_introspection_cExport-noconfig.cmake
[57.537s] -- Installing: /root/duck_ws/install/turtlesim/share/turtlesim/cmake/turtlesim__rosidl_typesupport_cExport.cmake
[57.537s] -- Installing: /root/duck_ws/install/turtlesim/share/turtlesim/cmake/turtlesim__rosidl_typesupport_cExport-noconfig.cmake
[57.538s] -- Installing: /root/duck_ws/install/turtlesim/share/turtlesim/cmake/turtlesim__rosidl_generator_cppExport.cmake
[57.538s] -- Installing: /root/duck_ws/install/turtlesim/share/turtlesim/cmake/turtlesim__rosidl_typesupport_introspection_cppExport.cmake
[57.539s] -- Installing: /root/duck_ws/install/turtlesim/share/turtlesim/cmake/turtlesim__rosidl_typesupport_introspection_cppExport-noconfig.cmake
[57.539s] -- Installing: /root/duck_ws/install/turtlesim/share/turtlesim/cmake/turtlesim__rosidl_typesupport_cppExport.cmake
[57.539s] -- Installing: /root/duck_ws/install/turtlesim/share/turtlesim/cmake/turtlesim__rosidl_typesupport_cppExport-noconfig.cmake
[57.540s] -- Installing: /root/duck_ws/install/turtlesim/share/turtlesim/cmake/rosidl_cmake-extras.cmake
[57.540s] -- Installing: /root/duck_ws/install/turtlesim/share/turtlesim/cmake/ament_cmake_export_dependencies-extras.cmake
[57.541s] -- Installing: /root/duck_ws/install/turtlesim/share/turtlesim/cmake/ament_cmake_export_libraries-extras.cmake
[57.541s] -- Installing: /root/duck_ws/install/turtlesim/share/turtlesim/cmake/ament_cmake_export_targets-extras.cmake
[57.542s] -- Installing: /root/duck_ws/install/turtlesim/share/turtlesim/cmake/ament_cmake_export_include_directories-extras.cmake
[57.542s] -- Installing: /root/duck_ws/install/turtlesim/share/turtlesim/cmake/rosidl_cmake_export_typesupport_libraries-extras.cmake
[57.543s] -- Installing: /root/duck_ws/install/turtlesim/share/turtlesim/cmake/rosidl_cmake_export_typesupport_targets-extras.cmake
[57.543s] -- Installing: /root/duck_ws/install/turtlesim/share/turtlesim/cmake/turtlesimConfig.cmake
[57.543s] -- Installing: /root/duck_ws/install/turtlesim/share/turtlesim/cmake/turtlesimConfig-version.cmake
[57.544s] -- Installing: /root/duck_ws/install/turtlesim/share/turtlesim/package.xml
[57.548s] Invoked command in '/root/duck_ws/build/turtlesim' returned '0': CMAKE_PREFIX_PATH=/opt/ros/foxy /usr/bin/cmake --install /root/duck_ws/build/turtlesim
