Determining if the pthread_create exist failed with the following output:
Change Dir: /home/rems/Duck_v3/build/CMakeFiles/CMakeTmp

Run Build Command:"/usr/bin/make" "cmTC_66523/fast"
/usr/bin/make -f CMakeFiles/cmTC_66523.dir/build.make CMakeFiles/cmTC_66523.dir/build
make[1]: Entering directory '/home/rems/Duck_v3/build/CMakeFiles/CMakeTmp'
Building C object CMakeFiles/cmTC_66523.dir/CheckSymbolExists.c.o
/usr/bin/cc    -o CMakeFiles/cmTC_66523.dir/CheckSymbolExists.c.o   -c /home/rems/Duck_v3/build/CMakeFiles/CMakeTmp/CheckSymbolExists.c
Linking C executable cmTC_66523
/usr/bin/cmake -E cmake_link_script CMakeFiles/cmTC_66523.dir/link.txt --verbose=1
/usr/bin/cc      -rdynamic CMakeFiles/cmTC_66523.dir/CheckSymbolExists.c.o  -o cmTC_66523 
CMakeFiles/cmTC_66523.dir/CheckSymbolExists.c.o: In function `main':
CheckSymbolExists.c:(.text+0x1b): undefined reference to `pthread_create'
collect2: error: ld returned 1 exit status
CMakeFiles/cmTC_66523.dir/build.make:97: recipe for target 'cmTC_66523' failed
make[1]: *** [cmTC_66523] Error 1
make[1]: Leaving directory '/home/rems/Duck_v3/build/CMakeFiles/CMakeTmp'
Makefile:126: recipe for target 'cmTC_66523/fast' failed
make: *** [cmTC_66523/fast] Error 2

File /home/rems/Duck_v3/build/CMakeFiles/CMakeTmp/CheckSymbolExists.c:
/* */
#include <pthread.h>

int main(int argc, char** argv)
{
  (void)argv;
#ifndef pthread_create
  return ((int*)(&pthread_create))[argc];
#else
  (void)argc;
  return 0;
#endif
}

Determining if the function pthread_create exists in the pthreads failed with the following output:
Change Dir: /home/rems/Duck_v3/build/CMakeFiles/CMakeTmp

Run Build Command:"/usr/bin/make" "cmTC_cad59/fast"
/usr/bin/make -f CMakeFiles/cmTC_cad59.dir/build.make CMakeFiles/cmTC_cad59.dir/build
make[1]: Entering directory '/home/rems/Duck_v3/build/CMakeFiles/CMakeTmp'
Building C object CMakeFiles/cmTC_cad59.dir/CheckFunctionExists.c.o
/usr/bin/cc   -DCHECK_FUNCTION_EXISTS=pthread_create   -o CMakeFiles/cmTC_cad59.dir/CheckFunctionExists.c.o   -c /usr/share/cmake-3.10/Modules/CheckFunctionExists.c
Linking C executable cmTC_cad59
/usr/bin/cmake -E cmake_link_script CMakeFiles/cmTC_cad59.dir/link.txt --verbose=1
/usr/bin/cc  -DCHECK_FUNCTION_EXISTS=pthread_create    -rdynamic CMakeFiles/cmTC_cad59.dir/CheckFunctionExists.c.o  -o cmTC_cad59 -lpthreads 
/usr/bin/ld: cannot find -lpthreads
collect2: error: ld returned 1 exit status
CMakeFiles/cmTC_cad59.dir/build.make:97: recipe for target 'cmTC_cad59' failed
make[1]: *** [cmTC_cad59] Error 1
make[1]: Leaving directory '/home/rems/Duck_v3/build/CMakeFiles/CMakeTmp'
Makefile:126: recipe for target 'cmTC_cad59/fast' failed
make: *** [cmTC_cad59/fast] Error 2


