[0.494s] DEBUG:colcon:Command line arguments: ['/usr/bin/colcon', 'build']
[0.494s] DEBUG:colcon:Parsed command line arguments: Namespace(ament_cmake_args=None, base_paths=['.'], build_base='build', catkin_cmake_args=None, catkin_skip_building_tests=False, cmake_args=None, cmake_clean_cache=False, cmake_clean_first=False, cmake_force_configure=False, cmake_target=None, cmake_target_skip_unavailable=False, continue_on_error=False, event_handlers=None, executor='parallel', ignore_user_meta=False, install_base='install', log_base=None, log_level=None, main=<bound method BuildVerb.main of <colcon_core.verb.build.BuildVerb object at 0x7facf1ce7460>>, merge_install=False, metas=['./colcon.meta'], mixin=None, mixin_files=None, mixin_verb=('build',), packages_above=None, packages_above_and_dependencies=None, packages_above_depth=None, packages_end=None, packages_ignore=None, packages_ignore_regex=None, packages_select=None, packages_select_build_failed=False, packages_select_by_dep=None, packages_select_regex=None, packages_select_test_failures=False, packages_skip=None, packages_skip_build_finished=False, packages_skip_by_dep=None, packages_skip_regex=None, packages_skip_test_passed=False, packages_skip_up_to=None, packages_start=None, packages_up_to=None, packages_up_to_regex=None, parallel_workers=4, paths=None, symlink_install=False, test_result_base=None, verb_extension=<colcon_core.verb.build.BuildVerb object at 0x7facf1ce7460>, verb_name='build', verb_parser=<colcon_mixin.mixin.mixin_argument.MixinArgumentDecorator object at 0x7facf1ce7ac0>)
[0.510s] Level 1:colcon.colcon_core.package_discovery:discover_packages(colcon_meta) check parameters
[0.513s] INFO:colcon.colcon_metadata.package_discovery.colcon_meta:Using configuration from '/root/.colcon/metadata/default/Gazebo.meta'
[0.514s] INFO:colcon.colcon_metadata.package_discovery.colcon_meta:Using configuration from '/root/.colcon/metadata/default/fastrtps.meta'
[0.515s] Level 1:colcon.colcon_core.package_discovery:discover_packages(recursive) check parameters
[0.515s] Level 1:colcon.colcon_core.package_discovery:discover_packages(ignore) check parameters
[0.515s] Level 1:colcon.colcon_core.package_discovery:discover_packages(path) check parameters
[0.515s] Level 1:colcon.colcon_core.package_discovery:discover_packages(colcon_meta) discover
[0.515s] Level 1:colcon.colcon_core.package_discovery:discover_packages(recursive) discover
[0.515s] INFO:colcon.colcon_core.package_discovery:Crawling recursively for packages in '/root/duck_ws'
[0.516s] Level 1:colcon.colcon_core.package_identification:_identify(.) by extensions ['ignore', 'ignore_ament_install']
[0.516s] Level 1:colcon.colcon_core.package_identification:_identify(.) by extension 'ignore'
[0.516s] Level 1:colcon.colcon_core.package_identification:_identify(.) by extension 'ignore_ament_install'
[0.516s] Level 1:colcon.colcon_core.package_identification:_identify(.) by extensions ['colcon_pkg']
[0.516s] Level 1:colcon.colcon_core.package_identification:_identify(.) by extension 'colcon_pkg'
[0.516s] Level 1:colcon.colcon_core.package_identification:_identify(.) by extensions ['colcon_meta']
[0.516s] Level 1:colcon.colcon_core.package_identification:_identify(.) by extension 'colcon_meta'
[0.516s] Level 1:colcon.colcon_core.package_identification:_identify(.) by extensions ['ros']
[0.517s] Level 1:colcon.colcon_core.package_identification:_identify(.) by extension 'ros'
[0.534s] Level 1:colcon.colcon_core.package_identification:_identify(.) by extensions ['cmake', 'python']
[0.534s] Level 1:colcon.colcon_core.package_identification:_identify(.) by extension 'cmake'
[0.534s] Level 1:colcon.colcon_core.package_identification:_identify(.) by extension 'python'
[0.534s] Level 1:colcon.colcon_core.package_identification:_identify(.) by extensions ['python_setup_py']
[0.534s] Level 1:colcon.colcon_core.package_identification:_identify(.) by extension 'python_setup_py'
[0.535s] Level 1:colcon.colcon_core.package_identification:_identify(build) by extensions ['ignore', 'ignore_ament_install']
[0.535s] Level 1:colcon.colcon_core.package_identification:_identify(build) by extension 'ignore'
[0.535s] Level 1:colcon.colcon_core.package_identification:_identify(build) ignored
[0.535s] Level 1:colcon.colcon_core.package_identification:_identify(install) by extensions ['ignore', 'ignore_ament_install']
[0.535s] Level 1:colcon.colcon_core.package_identification:_identify(install) by extension 'ignore'
[0.535s] Level 1:colcon.colcon_core.package_identification:_identify(install) ignored
[0.536s] Level 1:colcon.colcon_core.package_identification:_identify(log) by extensions ['ignore', 'ignore_ament_install']
[0.536s] Level 1:colcon.colcon_core.package_identification:_identify(log) by extension 'ignore'
[0.536s] Level 1:colcon.colcon_core.package_identification:_identify(log) ignored
[0.537s] Level 1:colcon.colcon_core.package_identification:_identify(src) by extensions ['ignore', 'ignore_ament_install']
[0.537s] Level 1:colcon.colcon_core.package_identification:_identify(src) by extension 'ignore'
[0.537s] Level 1:colcon.colcon_core.package_identification:_identify(src) by extension 'ignore_ament_install'
[0.537s] Level 1:colcon.colcon_core.package_identification:_identify(src) by extensions ['colcon_pkg']
[0.537s] Level 1:colcon.colcon_core.package_identification:_identify(src) by extension 'colcon_pkg'
[0.537s] Level 1:colcon.colcon_core.package_identification:_identify(src) by extensions ['colcon_meta']
[0.537s] Level 1:colcon.colcon_core.package_identification:_identify(src) by extension 'colcon_meta'
[0.537s] Level 1:colcon.colcon_core.package_identification:_identify(src) by extensions ['ros']
[0.538s] Level 1:colcon.colcon_core.package_identification:_identify(src) by extension 'ros'
[0.538s] Level 1:colcon.colcon_core.package_identification:_identify(src) by extensions ['cmake', 'python']
[0.538s] Level 1:colcon.colcon_core.package_identification:_identify(src) by extension 'cmake'
[0.538s] Level 1:colcon.colcon_core.package_identification:_identify(src) by extension 'python'
[0.538s] Level 1:colcon.colcon_core.package_identification:_identify(src) by extensions ['python_setup_py']
[0.538s] Level 1:colcon.colcon_core.package_identification:_identify(src) by extension 'python_setup_py'
[0.538s] Level 1:colcon.colcon_core.package_identification:_identify(src/ros_tutorials) by extensions ['ignore', 'ignore_ament_install']
[0.538s] Level 1:colcon.colcon_core.package_identification:_identify(src/ros_tutorials) by extension 'ignore'
[0.539s] Level 1:colcon.colcon_core.package_identification:_identify(src/ros_tutorials) by extension 'ignore_ament_install'
[0.539s] Level 1:colcon.colcon_core.package_identification:_identify(src/ros_tutorials) by extensions ['colcon_pkg']
[0.539s] Level 1:colcon.colcon_core.package_identification:_identify(src/ros_tutorials) by extension 'colcon_pkg'
[0.539s] Level 1:colcon.colcon_core.package_identification:_identify(src/ros_tutorials) by extensions ['colcon_meta']
[0.539s] Level 1:colcon.colcon_core.package_identification:_identify(src/ros_tutorials) by extension 'colcon_meta'
[0.539s] Level 1:colcon.colcon_core.package_identification:_identify(src/ros_tutorials) by extensions ['ros']
[0.539s] Level 1:colcon.colcon_core.package_identification:_identify(src/ros_tutorials) by extension 'ros'
[0.539s] Level 1:colcon.colcon_core.package_identification:_identify(src/ros_tutorials) by extensions ['cmake', 'python']
[0.539s] Level 1:colcon.colcon_core.package_identification:_identify(src/ros_tutorials) by extension 'cmake'
[0.539s] Level 1:colcon.colcon_core.package_identification:_identify(src/ros_tutorials) by extension 'python'
[0.539s] Level 1:colcon.colcon_core.package_identification:_identify(src/ros_tutorials) by extensions ['python_setup_py']
[0.540s] Level 1:colcon.colcon_core.package_identification:_identify(src/ros_tutorials) by extension 'python_setup_py'
[0.540s] Level 1:colcon.colcon_core.package_identification:_identify(src/ros_tutorials/ros_tutorials) by extensions ['ignore', 'ignore_ament_install']
[0.540s] Level 1:colcon.colcon_core.package_identification:_identify(src/ros_tutorials/ros_tutorials) by extension 'ignore'
[0.540s] Level 1:colcon.colcon_core.package_identification:_identify(src/ros_tutorials/ros_tutorials) ignored
[0.540s] Level 1:colcon.colcon_core.package_identification:_identify(src/ros_tutorials/roscpp_tutorials) by extensions ['ignore', 'ignore_ament_install']
[0.540s] Level 1:colcon.colcon_core.package_identification:_identify(src/ros_tutorials/roscpp_tutorials) by extension 'ignore'
[0.540s] Level 1:colcon.colcon_core.package_identification:_identify(src/ros_tutorials/roscpp_tutorials) ignored
[0.541s] Level 1:colcon.colcon_core.package_identification:_identify(src/ros_tutorials/rospy_tutorials) by extensions ['ignore', 'ignore_ament_install']
[0.541s] Level 1:colcon.colcon_core.package_identification:_identify(src/ros_tutorials/rospy_tutorials) by extension 'ignore'
[0.541s] Level 1:colcon.colcon_core.package_identification:_identify(src/ros_tutorials/rospy_tutorials) ignored
[0.541s] Level 1:colcon.colcon_core.package_identification:_identify(src/ros_tutorials/turtlesim) by extensions ['ignore', 'ignore_ament_install']
[0.541s] Level 1:colcon.colcon_core.package_identification:_identify(src/ros_tutorials/turtlesim) by extension 'ignore'
[0.541s] Level 1:colcon.colcon_core.package_identification:_identify(src/ros_tutorials/turtlesim) by extension 'ignore_ament_install'
[0.541s] Level 1:colcon.colcon_core.package_identification:_identify(src/ros_tutorials/turtlesim) by extensions ['colcon_pkg']
[0.541s] Level 1:colcon.colcon_core.package_identification:_identify(src/ros_tutorials/turtlesim) by extension 'colcon_pkg'
[0.541s] Level 1:colcon.colcon_core.package_identification:_identify(src/ros_tutorials/turtlesim) by extensions ['colcon_meta']
[0.542s] Level 1:colcon.colcon_core.package_identification:_identify(src/ros_tutorials/turtlesim) by extension 'colcon_meta'
[0.542s] Level 1:colcon.colcon_core.package_identification:_identify(src/ros_tutorials/turtlesim) by extensions ['ros']
[0.542s] Level 1:colcon.colcon_core.package_identification:_identify(src/ros_tutorials/turtlesim) by extension 'ros'
[0.547s] DEBUG:colcon.colcon_core.package_identification:Package 'src/ros_tutorials/turtlesim' with type 'ros.ament_cmake' and name 'turtlesim'
[0.547s] Level 1:colcon.colcon_core.package_discovery:discover_packages(recursive) using defaults
[0.547s] Level 1:colcon.colcon_core.package_discovery:discover_packages(ignore) discover
[0.547s] Level 1:colcon.colcon_core.package_discovery:discover_packages(ignore) using defaults
[0.547s] Level 1:colcon.colcon_core.package_discovery:discover_packages(path) discover
[0.547s] Level 1:colcon.colcon_core.package_discovery:discover_packages(path) using defaults
[0.584s] Level 5:colcon.colcon_core.verb:set package 'turtlesim' build argument 'cmake_args' from command line to 'None'
[0.584s] Level 5:colcon.colcon_core.verb:set package 'turtlesim' build argument 'cmake_target' from command line to 'None'
[0.585s] Level 5:colcon.colcon_core.verb:set package 'turtlesim' build argument 'cmake_target_skip_unavailable' from command line to 'False'
[0.585s] Level 5:colcon.colcon_core.verb:set package 'turtlesim' build argument 'cmake_clean_cache' from command line to 'False'
[0.585s] Level 5:colcon.colcon_core.verb:set package 'turtlesim' build argument 'cmake_clean_first' from command line to 'False'
[0.585s] Level 5:colcon.colcon_core.verb:set package 'turtlesim' build argument 'cmake_force_configure' from command line to 'False'
[0.585s] Level 5:colcon.colcon_core.verb:set package 'turtlesim' build argument 'ament_cmake_args' from command line to 'None'
[0.585s] Level 5:colcon.colcon_core.verb:set package 'turtlesim' build argument 'catkin_cmake_args' from command line to 'None'
[0.585s] Level 5:colcon.colcon_core.verb:set package 'turtlesim' build argument 'catkin_skip_building_tests' from command line to 'False'
[0.585s] DEBUG:colcon.colcon_core.verb:Building package 'turtlesim' with the following arguments: {'ament_cmake_args': None, 'build_base': '/root/duck_ws/build/turtlesim', 'catkin_cmake_args': None, 'catkin_skip_building_tests': False, 'cmake_args': None, 'cmake_clean_cache': False, 'cmake_clean_first': False, 'cmake_force_configure': False, 'cmake_target': None, 'cmake_target_skip_unavailable': False, 'install_base': '/root/duck_ws/install/turtlesim', 'merge_install': False, 'path': '/root/duck_ws/src/ros_tutorials/turtlesim', 'symlink_install': False, 'test_result_base': None}
[0.586s] INFO:colcon.colcon_core.executor:Executing jobs using 'parallel' executor
[0.590s] DEBUG:colcon.colcon_parallel_executor.executor.parallel:run_until_complete
[0.590s] INFO:colcon.colcon_ros.task.ament_cmake.build:Building ROS package in '/root/duck_ws/src/ros_tutorials/turtlesim' with build type 'ament_cmake'
[0.591s] INFO:colcon.colcon_cmake.task.cmake.build:Building CMake package in '/root/duck_ws/src/ros_tutorials/turtlesim'
[0.601s] INFO:colcon.colcon_core.plugin_system:Skipping extension 'colcon_core.shell.bat': Not used on non-Windows systems
[0.601s] INFO:colcon.colcon_core.shell:Skip shell extension 'powershell' for command environment: Not usable outside of PowerShell
[0.601s] DEBUG:colcon.colcon_core.shell:Skip shell extension 'dsv' for command environment
[0.608s] DEBUG:colcon.colcon_core.shell:Ignoring prefix path '/opt/ros/foxy'
[0.628s] DEBUG:colcon.colcon_core.event_handler.log_command:Invoking command in '/root/duck_ws/build/turtlesim': CMAKE_PREFIX_PATH=/opt/ros/foxy /usr/bin/cmake /root/duck_ws/src/ros_tutorials/turtlesim -DCMAKE_INSTALL_PREFIX=/root/duck_ws/install/turtlesim
[4.440s] DEBUG:colcon.colcon_core.event_handler.log_command:Invoked command in '/root/duck_ws/build/turtlesim' returned '0': CMAKE_PREFIX_PATH=/opt/ros/foxy /usr/bin/cmake /root/duck_ws/src/ros_tutorials/turtlesim -DCMAKE_INSTALL_PREFIX=/root/duck_ws/install/turtlesim
[4.441s] DEBUG:colcon.colcon_core.event_handler.log_command:Invoking command in '/root/duck_ws/build/turtlesim': CMAKE_PREFIX_PATH=/opt/ros/foxy /usr/bin/cmake --build /root/duck_ws/build/turtlesim -- -j4 -l4
[57.609s] DEBUG:colcon.colcon_core.event_handler.log_command:Invoked command in '/root/duck_ws/build/turtlesim' returned '0': CMAKE_PREFIX_PATH=/opt/ros/foxy /usr/bin/cmake --build /root/duck_ws/build/turtlesim -- -j4 -l4
[57.922s] DEBUG:colcon.colcon_core.event_handler.log_command:Invoking command in '/root/duck_ws/build/turtlesim': CMAKE_PREFIX_PATH=/opt/ros/foxy /usr/bin/cmake --install /root/duck_ws/build/turtlesim
[58.140s] Level 1:colcon.colcon_core.environment:create_environment_scripts_only(turtlesim)
[58.141s] DEBUG:colcon.colcon_core.event_handler.log_command:Invoked command in '/root/duck_ws/build/turtlesim' returned '0': CMAKE_PREFIX_PATH=/opt/ros/foxy /usr/bin/cmake --install /root/duck_ws/build/turtlesim
[58.153s] Level 1:colcon.colcon_core.environment:checking '/root/duck_ws/install/turtlesim' for CMake module files
[58.155s] Level 1:colcon.colcon_core.environment:checking '/root/duck_ws/install/turtlesim' for CMake config files
[58.157s] Level 1:colcon.colcon_core.shell:create_environment_hook('turtlesim', 'cmake_prefix_path')
[58.158s] INFO:colcon.colcon_core.shell:Creating environment hook '/root/duck_ws/install/turtlesim/share/turtlesim/hook/cmake_prefix_path.ps1'
[58.160s] INFO:colcon.colcon_core.shell:Creating environment descriptor '/root/duck_ws/install/turtlesim/share/turtlesim/hook/cmake_prefix_path.dsv'
[58.161s] INFO:colcon.colcon_core.shell:Creating environment hook '/root/duck_ws/install/turtlesim/share/turtlesim/hook/cmake_prefix_path.sh'
[58.164s] Level 1:colcon.colcon_core.environment:checking '/root/duck_ws/install/turtlesim/lib'
[58.164s] Level 1:colcon.colcon_core.shell:create_environment_hook('turtlesim', 'ld_library_path_lib')
[58.165s] INFO:colcon.colcon_core.shell:Creating environment hook '/root/duck_ws/install/turtlesim/share/turtlesim/hook/ld_library_path_lib.ps1'
[58.166s] INFO:colcon.colcon_core.shell:Creating environment descriptor '/root/duck_ws/install/turtlesim/share/turtlesim/hook/ld_library_path_lib.dsv'
[58.166s] INFO:colcon.colcon_core.shell:Creating environment hook '/root/duck_ws/install/turtlesim/share/turtlesim/hook/ld_library_path_lib.sh'
[58.167s] Level 1:colcon.colcon_core.environment:checking '/root/duck_ws/install/turtlesim/bin'
[58.167s] Level 1:colcon.colcon_core.environment:checking '/root/duck_ws/install/turtlesim/lib/pkgconfig/turtlesim.pc'
[58.168s] Level 1:colcon.colcon_core.environment:checking '/root/duck_ws/install/turtlesim/lib/python3.8/site-packages'
[58.168s] Level 1:colcon.colcon_core.shell:create_environment_hook('turtlesim', 'pythonpath')
[58.169s] INFO:colcon.colcon_core.shell:Creating environment hook '/root/duck_ws/install/turtlesim/share/turtlesim/hook/pythonpath.ps1'
[58.170s] INFO:colcon.colcon_core.shell:Creating environment descriptor '/root/duck_ws/install/turtlesim/share/turtlesim/hook/pythonpath.dsv'
[58.171s] INFO:colcon.colcon_core.shell:Creating environment hook '/root/duck_ws/install/turtlesim/share/turtlesim/hook/pythonpath.sh'
[58.173s] INFO:colcon.colcon_core.shell:Creating package script '/root/duck_ws/install/turtlesim/share/turtlesim/package.ps1'
[58.175s] INFO:colcon.colcon_core.shell:Creating package descriptor '/root/duck_ws/install/turtlesim/share/turtlesim/package.dsv'
[58.177s] INFO:colcon.colcon_core.shell:Creating package script '/root/duck_ws/install/turtlesim/share/turtlesim/package.sh'
[58.179s] INFO:colcon.colcon_core.shell:Creating package script '/root/duck_ws/install/turtlesim/share/turtlesim/package.bash'
[58.181s] INFO:colcon.colcon_core.shell:Creating package script '/root/duck_ws/install/turtlesim/share/turtlesim/package.zsh'
[58.183s] Level 1:colcon.colcon_core.environment:create_file_with_runtime_dependencies(/root/duck_ws/install/turtlesim/share/colcon-core/packages/turtlesim)
[58.478s] Level 1:colcon.colcon_core.environment:create_environment_scripts_only(turtlesim)
[58.480s] Level 1:colcon.colcon_core.environment:checking '/root/duck_ws/install/turtlesim' for CMake module files
[58.481s] Level 1:colcon.colcon_core.environment:checking '/root/duck_ws/install/turtlesim' for CMake config files
[58.483s] Level 1:colcon.colcon_core.shell:create_environment_hook('turtlesim', 'cmake_prefix_path')
[58.484s] INFO:colcon.colcon_core.shell:Creating environment hook '/root/duck_ws/install/turtlesim/share/turtlesim/hook/cmake_prefix_path.ps1'
[58.485s] INFO:colcon.colcon_core.shell:Creating environment descriptor '/root/duck_ws/install/turtlesim/share/turtlesim/hook/cmake_prefix_path.dsv'
[58.486s] INFO:colcon.colcon_core.shell:Creating environment hook '/root/duck_ws/install/turtlesim/share/turtlesim/hook/cmake_prefix_path.sh'
[58.487s] Level 1:colcon.colcon_core.environment:checking '/root/duck_ws/install/turtlesim/lib'
[58.487s] Level 1:colcon.colcon_core.shell:create_environment_hook('turtlesim', 'ld_library_path_lib')
[58.488s] INFO:colcon.colcon_core.shell:Creating environment hook '/root/duck_ws/install/turtlesim/share/turtlesim/hook/ld_library_path_lib.ps1'
[58.489s] INFO:colcon.colcon_core.shell:Creating environment descriptor '/root/duck_ws/install/turtlesim/share/turtlesim/hook/ld_library_path_lib.dsv'
[58.490s] INFO:colcon.colcon_core.shell:Creating environment hook '/root/duck_ws/install/turtlesim/share/turtlesim/hook/ld_library_path_lib.sh'
[58.491s] Level 1:colcon.colcon_core.environment:checking '/root/duck_ws/install/turtlesim/bin'
[58.491s] Level 1:colcon.colcon_core.environment:checking '/root/duck_ws/install/turtlesim/lib/pkgconfig/turtlesim.pc'
[58.491s] Level 1:colcon.colcon_core.environment:checking '/root/duck_ws/install/turtlesim/lib/python3.8/site-packages'
[58.492s] Level 1:colcon.colcon_core.shell:create_environment_hook('turtlesim', 'pythonpath')
[58.493s] INFO:colcon.colcon_core.shell:Creating environment hook '/root/duck_ws/install/turtlesim/share/turtlesim/hook/pythonpath.ps1'
[58.494s] INFO:colcon.colcon_core.shell:Creating environment descriptor '/root/duck_ws/install/turtlesim/share/turtlesim/hook/pythonpath.dsv'
[58.494s] INFO:colcon.colcon_core.shell:Creating environment hook '/root/duck_ws/install/turtlesim/share/turtlesim/hook/pythonpath.sh'
[58.497s] INFO:colcon.colcon_core.shell:Creating package script '/root/duck_ws/install/turtlesim/share/turtlesim/package.ps1'
[58.498s] INFO:colcon.colcon_core.shell:Creating package descriptor '/root/duck_ws/install/turtlesim/share/turtlesim/package.dsv'
[58.500s] INFO:colcon.colcon_core.shell:Creating package script '/root/duck_ws/install/turtlesim/share/turtlesim/package.sh'
[58.501s] INFO:colcon.colcon_core.shell:Creating package script '/root/duck_ws/install/turtlesim/share/turtlesim/package.bash'
[58.502s] INFO:colcon.colcon_core.shell:Creating package script '/root/duck_ws/install/turtlesim/share/turtlesim/package.zsh'
[58.503s] Level 1:colcon.colcon_core.environment:create_file_with_runtime_dependencies(/root/duck_ws/install/turtlesim/share/colcon-core/packages/turtlesim)
[58.505s] DEBUG:colcon.colcon_parallel_executor.executor.parallel:closing loop
[58.506s] DEBUG:colcon.colcon_parallel_executor.executor.parallel:loop closed
[58.507s] DEBUG:colcon.colcon_parallel_executor.executor.parallel:run_until_complete finished with '0'
[58.507s] DEBUG:colcon.colcon_core.event_reactor:joining thread
[58.533s] INFO:colcon.colcon_core.plugin_system:Skipping extension 'colcon_notification.desktop_notification.notify_send': Could not find 'notify-send'
[58.533s] INFO:colcon.colcon_core.plugin_system:Skipping extension 'colcon_notification.desktop_notification.terminal_notifier': Not used on non-Darwin systems
[58.533s] INFO:colcon.colcon_core.plugin_system:Skipping extension 'colcon_notification.desktop_notification.win32': Not used on non-Windows systems
[58.534s] INFO:colcon.colcon_notification.desktop_notification:Sending desktop notification using 'notify2'
[58.534s] DEBUG:colcon.colcon_notification.desktop_notification.notify2:Failed to initialize notify2: org.freedesktop.DBus.Error.NotSupported: Unable to autolaunch a dbus-daemon without a $DISPLAY for X11
[58.535s] DEBUG:colcon.colcon_core.event_reactor:joined thread
[58.536s] INFO:colcon.colcon_core.shell:Creating prefix script '/root/duck_ws/install/local_setup.ps1'
[58.538s] INFO:colcon.colcon_core.shell:Creating prefix util module '/root/duck_ws/install/_local_setup_util_ps1.py'
[58.542s] INFO:colcon.colcon_core.shell:Creating prefix chain script '/root/duck_ws/install/setup.ps1'
[58.548s] INFO:colcon.colcon_core.shell:Creating prefix script '/root/duck_ws/install/local_setup.sh'
[58.549s] INFO:colcon.colcon_core.shell:Creating prefix util module '/root/duck_ws/install/_local_setup_util_sh.py'
[58.550s] INFO:colcon.colcon_core.shell:Creating prefix chain script '/root/duck_ws/install/setup.sh'
[58.555s] INFO:colcon.colcon_core.shell:Creating prefix script '/root/duck_ws/install/local_setup.bash'
[58.556s] INFO:colcon.colcon_core.shell:Creating prefix chain script '/root/duck_ws/install/setup.bash'
[58.563s] INFO:colcon.colcon_core.shell:Creating prefix script '/root/duck_ws/install/local_setup.zsh'
[58.565s] INFO:colcon.colcon_core.shell:Creating prefix chain script '/root/duck_ws/install/setup.zsh'
